[10:36:24] [main/INFO]: Loaded 0 recipes
[10:36:24] [Server thread/INFO]: Starting minecraft server version 1.13.2
[10:36:24] [Server thread/INFO]: Loading properties
[10:36:24] [Server thread/INFO]: Default game type: SURVIVAL
[10:36:24] [Server thread/INFO]: This server is running CraftBukkit version git-Spigot-518206a-a5b9c7b (MC: 1.13.2) (Implementing API version 1.13.2-R0.1-SNAPSHOT)
[10:36:24] [Server thread/INFO]: Debug logging is disabled
[10:36:24] [Server thread/INFO]: Using 4 threads for Netty based IO
[10:36:24] [Server thread/INFO]: Server Ping Player Sample Count: 12
[10:36:24] [Server thread/INFO]: Generating keypair
[10:36:24] [Server thread/INFO]: Starting Minecraft server on *:25565
[10:36:24] [Server thread/INFO]: Using default channel type
[10:36:24] [Server thread/INFO]: **** Beginning UUID conversion, this may take A LONG time ****
[10:36:24] [Server thread/INFO]: Preparing level "world"
[10:36:24] [Server thread/INFO]: Found new data pack file/bukkit, loading it automatically
[10:36:24] [Server thread/INFO]: Found new data pack vanilla, loading it automatically
[10:36:24] [Server thread/INFO]: Reloading ResourceManager: Default, bukkit
[10:36:24] [Server thread/INFO]: Loaded 524 recipes
[10:36:25] [Server thread/INFO]: -------- World Settings For [world] --------
[10:36:25] [Server thread/INFO]: Allow Zombie Pigmen to spawn from portal blocks: true
[10:36:25] [Server thread/INFO]: Item Merge Radius: 2.5
[10:36:25] [Server thread/INFO]: Item Despawn Rate: 6000
[10:36:25] [Server thread/INFO]: Arrow Despawn Rate: 1200
[10:36:25] [Server thread/INFO]: View Distance: 10
[10:36:25] [Server thread/INFO]: Nerfing mobs spawned from spawners: false
[10:36:25] [Server thread/INFO]: Entity Activation Range: An 32 / Mo 32 / Mi 16 / Tiv true
[10:36:25] [Server thread/INFO]: Mob Spawn Range: 6
[10:36:25] [Server thread/INFO]: Cactus Growth Modifier: 100%
[10:36:25] [Server thread/INFO]: Cane Growth Modifier: 100%
[10:36:25] [Server thread/INFO]: Melon Growth Modifier: 100%
[10:36:25] [Server thread/INFO]: Mushroom Growth Modifier: 100%
[10:36:25] [Server thread/INFO]: Pumpkin Growth Modifier: 100%
[10:36:25] [Server thread/INFO]: Sapling Growth Modifier: 100%
[10:36:25] [Server thread/INFO]: Beetroot Growth Modifier: 100%
[10:36:25] [Server thread/INFO]: Carrot Growth Modifier: 100%
[10:36:25] [Server thread/INFO]: Potato Growth Modifier: 100%
[10:36:25] [Server thread/INFO]: Wheat Growth Modifier: 100%
[10:36:25] [Server thread/INFO]: NetherWart Growth Modifier: 100%
[10:36:25] [Server thread/INFO]: Vine Growth Modifier: 100%
[10:36:25] [Server thread/INFO]: Cocoa Growth Modifier: 100%
[10:36:25] [Server thread/INFO]: Experience Merge Radius: 3.0
[10:36:25] [Server thread/INFO]: Zombie Aggressive Towards Villager: true
[10:36:25] [Server thread/INFO]: Custom Map Seeds:  Village: 10387312 Desert: 14357617 Igloo: 14357618 Jungle: 14357619 Swamp: 14357620 Monument: 10387313Ocean: 14357621 Shipwreck: 165745295 Slime: 987234911
[10:36:25] [Server thread/INFO]: Tile Max Tick Time: 50ms Entity max Tick Time: 50ms
[10:36:25] [Server thread/INFO]: Max TNT Explosions: 100
[10:36:25] [Server thread/INFO]: Hopper Transfer: 8 Hopper Check: 1 Hopper Amount: 1
[10:36:25] [Server thread/INFO]: Random Lighting Updates: false
[10:36:25] [Server thread/INFO]: Entity Tracking Range: Pl 48 / An 48 / Mo 48 / Mi 32 / Other 64
[10:36:27] [Server thread/INFO]: ---- Migration of old nether folder required ----
[10:36:27] [Server thread/INFO]: Unfortunately due to the way that Minecraft implemented multiworld support in 1.6, Bukkit requires that you move your nether folder to a new location in order to operate correctly.
[10:36:27] [Server thread/INFO]: We will move this folder for you, but it will mean that you need to move it back should you wish to stop using Bukkit in the future.
[10:36:27] [Server thread/INFO]: Attempting to move world\DIM-1 to world_nether\DIM-1...
[10:36:27] [Server thread/INFO]: Success! To restore nether in the future, simply move world_nether\DIM-1 to world\DIM-1
[10:36:27] [Server thread/WARN]: Unable to migrate world data.
[10:36:27] [Server thread/INFO]: ---- Migration of old nether folder complete ----
[10:36:27] [Server thread/INFO]: -------- World Settings For [world_nether] --------
[10:36:27] [Server thread/INFO]: Allow Zombie Pigmen to spawn from portal blocks: true
[10:36:27] [Server thread/INFO]: Item Merge Radius: 2.5
[10:36:27] [Server thread/INFO]: Item Despawn Rate: 6000
[10:36:27] [Server thread/INFO]: Arrow Despawn Rate: 1200
[10:36:27] [Server thread/INFO]: View Distance: 10
[10:36:27] [Server thread/INFO]: Nerfing mobs spawned from spawners: false
[10:36:27] [Server thread/INFO]: Entity Activation Range: An 32 / Mo 32 / Mi 16 / Tiv true
[10:36:27] [Server thread/INFO]: Mob Spawn Range: 6
[10:36:27] [Server thread/INFO]: Cactus Growth Modifier: 100%
[10:36:27] [Server thread/INFO]: Cane Growth Modifier: 100%
[10:36:27] [Server thread/INFO]: Melon Growth Modifier: 100%
[10:36:27] [Server thread/INFO]: Mushroom Growth Modifier: 100%
[10:36:27] [Server thread/INFO]: Pumpkin Growth Modifier: 100%
[10:36:27] [Server thread/INFO]: Sapling Growth Modifier: 100%
[10:36:27] [Server thread/INFO]: Beetroot Growth Modifier: 100%
[10:36:27] [Server thread/INFO]: Carrot Growth Modifier: 100%
[10:36:27] [Server thread/INFO]: Potato Growth Modifier: 100%
[10:36:27] [Server thread/INFO]: Wheat Growth Modifier: 100%
[10:36:27] [Server thread/INFO]: NetherWart Growth Modifier: 100%
[10:36:27] [Server thread/INFO]: Vine Growth Modifier: 100%
[10:36:27] [Server thread/INFO]: Cocoa Growth Modifier: 100%
[10:36:27] [Server thread/INFO]: Experience Merge Radius: 3.0
[10:36:27] [Server thread/INFO]: Zombie Aggressive Towards Villager: true
[10:36:27] [Server thread/INFO]: Custom Map Seeds:  Village: 10387312 Desert: 14357617 Igloo: 14357618 Jungle: 14357619 Swamp: 14357620 Monument: 10387313Ocean: 14357621 Shipwreck: 165745295 Slime: 987234911
[10:36:27] [Server thread/INFO]: Tile Max Tick Time: 50ms Entity max Tick Time: 50ms
[10:36:27] [Server thread/INFO]: Max TNT Explosions: 100
[10:36:27] [Server thread/INFO]: Hopper Transfer: 8 Hopper Check: 1 Hopper Amount: 1
[10:36:27] [Server thread/INFO]: Random Lighting Updates: false
[10:36:27] [Server thread/INFO]: Entity Tracking Range: Pl 48 / An 48 / Mo 48 / Mi 32 / Other 64
[10:36:27] [Server thread/INFO]: ---- Migration of old the_end folder required ----
[10:36:27] [Server thread/INFO]: Unfortunately due to the way that Minecraft implemented multiworld support in 1.6, Bukkit requires that you move your the_end folder to a new location in order to operate correctly.
[10:36:27] [Server thread/INFO]: We will move this folder for you, but it will mean that you need to move it back should you wish to stop using Bukkit in the future.
[10:36:27] [Server thread/INFO]: Attempting to move world\DIM1 to world_the_end\DIM1...
[10:36:27] [Server thread/INFO]: Success! To restore the_end in the future, simply move world_the_end\DIM1 to world\DIM1
[10:36:27] [Server thread/WARN]: Unable to migrate world data.
[10:36:27] [Server thread/INFO]: ---- Migration of old the_end folder complete ----
[10:36:27] [Server thread/INFO]: -------- World Settings For [world_the_end] --------
[10:36:27] [Server thread/INFO]: Allow Zombie Pigmen to spawn from portal blocks: true
[10:36:27] [Server thread/INFO]: Item Merge Radius: 2.5
[10:36:27] [Server thread/INFO]: Item Despawn Rate: 6000
[10:36:27] [Server thread/INFO]: Arrow Despawn Rate: 1200
[10:36:27] [Server thread/INFO]: View Distance: 10
[10:36:27] [Server thread/INFO]: Nerfing mobs spawned from spawners: false
[10:36:27] [Server thread/INFO]: Entity Activation Range: An 32 / Mo 32 / Mi 16 / Tiv true
[10:36:27] [Server thread/INFO]: Mob Spawn Range: 6
[10:36:27] [Server thread/INFO]: Cactus Growth Modifier: 100%
[10:36:27] [Server thread/INFO]: Cane Growth Modifier: 100%
[10:36:27] [Server thread/INFO]: Melon Growth Modifier: 100%
[10:36:27] [Server thread/INFO]: Mushroom Growth Modifier: 100%
[10:36:27] [Server thread/INFO]: Pumpkin Growth Modifier: 100%
[10:36:27] [Server thread/INFO]: Sapling Growth Modifier: 100%
[10:36:27] [Server thread/INFO]: Beetroot Growth Modifier: 100%
[10:36:27] [Server thread/INFO]: Carrot Growth Modifier: 100%
[10:36:27] [Server thread/INFO]: Potato Growth Modifier: 100%
[10:36:27] [Server thread/INFO]: Wheat Growth Modifier: 100%
[10:36:27] [Server thread/INFO]: NetherWart Growth Modifier: 100%
[10:36:27] [Server thread/INFO]: Vine Growth Modifier: 100%
[10:36:27] [Server thread/INFO]: Cocoa Growth Modifier: 100%
[10:36:27] [Server thread/INFO]: Experience Merge Radius: 3.0
[10:36:27] [Server thread/INFO]: Zombie Aggressive Towards Villager: true
[10:36:27] [Server thread/INFO]: Custom Map Seeds:  Village: 10387312 Desert: 14357617 Igloo: 14357618 Jungle: 14357619 Swamp: 14357620 Monument: 10387313Ocean: 14357621 Shipwreck: 165745295 Slime: 987234911
[10:36:27] [Server thread/INFO]: Tile Max Tick Time: 50ms Entity max Tick Time: 50ms
[10:36:27] [Server thread/INFO]: Max TNT Explosions: 100
[10:36:27] [Server thread/INFO]: Hopper Transfer: 8 Hopper Check: 1 Hopper Amount: 1
[10:36:27] [Server thread/INFO]: Random Lighting Updates: false
[10:36:27] [Server thread/INFO]: Entity Tracking Range: Pl 48 / An 48 / Mo 48 / Mi 32 / Other 64
[10:36:27] [Server thread/INFO]: Preparing start region for level minecraft:the_nether (Seed: 2505900283673817554)
[10:36:28] [Server thread/INFO]: Preparing spawn area: 4%
[10:36:28] [Server thread/INFO]: Preparing spawn area: 8%
[10:36:28] [Server thread/INFO]: Preparing spawn area: 12%
[10:36:29] [Server thread/INFO]: Preparing spawn area: 16%
[10:36:29] [Server thread/INFO]: Preparing spawn area: 20%
[10:36:29] [Server thread/INFO]: Preparing spawn area: 24%
[10:36:29] [Server thread/INFO]: Preparing spawn area: 28%
[10:36:30] [Server thread/INFO]: Preparing spawn area: 32%
[10:36:30] [Server thread/INFO]: Preparing spawn area: 36%
[10:36:30] [Server thread/INFO]: Preparing spawn area: 40%
[10:36:30] [Server thread/INFO]: Preparing spawn area: 44%
[10:36:30] [Server thread/INFO]: Preparing spawn area: 48%
[10:36:31] [Server thread/INFO]: Preparing spawn area: 52%
[10:36:31] [Server thread/INFO]: Preparing spawn area: 56%
[10:36:31] [Server thread/INFO]: Preparing spawn area: 60%
[10:36:31] [Server thread/INFO]: Preparing spawn area: 64%
[10:36:31] [Server thread/INFO]: Preparing spawn area: 68%
[10:36:32] [Server thread/INFO]: Preparing spawn area: 72%
[10:36:32] [Server thread/INFO]: Preparing spawn area: 76%
[10:36:32] [Server thread/INFO]: Preparing spawn area: 80%
[10:36:32] [Server thread/INFO]: Preparing spawn area: 84%
[10:36:32] [Server thread/INFO]: Preparing spawn area: 88%
[10:36:33] [Server thread/INFO]: Preparing spawn area: 92%
[10:36:33] [Server thread/INFO]: Preparing spawn area: 96%
[10:36:33] [Server thread/INFO]: Preparing spawn area: 100%
[10:36:33] [Server thread/INFO]: Preparing start region for level minecraft:overworld (Seed: 2505900283673817554)
[10:36:34] [Server thread/INFO]: Preparing spawn area: 4%
[10:36:35] [Server thread/INFO]: Preparing spawn area: 8%
[10:36:35] [Server thread/INFO]: Preparing spawn area: 12%
[10:36:35] [Server thread/INFO]: Preparing spawn area: 16%
[10:36:35] [Server thread/INFO]: Preparing spawn area: 20%
[10:36:36] [Server thread/INFO]: Preparing spawn area: 24%
[10:36:36] [Server thread/INFO]: Preparing spawn area: 28%
[10:36:36] [Server thread/INFO]: Preparing spawn area: 32%
[10:36:36] [Server thread/INFO]: Preparing spawn area: 36%
[10:36:36] [Server thread/INFO]: Preparing spawn area: 40%
[10:36:37] [Server thread/INFO]: Preparing spawn area: 44%
[10:36:37] [Server thread/INFO]: Preparing spawn area: 48%
[10:36:37] [Server thread/INFO]: Preparing spawn area: 52%
[10:36:37] [Server thread/INFO]: Preparing spawn area: 56%
[10:36:38] [Server thread/INFO]: Preparing spawn area: 60%
[10:36:38] [Server thread/INFO]: Preparing spawn area: 64%
[10:36:38] [Server thread/INFO]: Preparing spawn area: 68%
[10:36:38] [Server thread/INFO]: Preparing spawn area: 72%
[10:36:38] [Server thread/INFO]: Preparing spawn area: 76%
[10:36:39] [Server thread/INFO]: Preparing spawn area: 80%
[10:36:39] [Server thread/INFO]: Preparing spawn area: 84%
[10:36:39] [Server thread/INFO]: Preparing spawn area: 88%
[10:36:39] [Server thread/INFO]: Preparing spawn area: 92%
[10:36:40] [Server thread/INFO]: Preparing spawn area: 96%
[10:36:40] [Server thread/INFO]: Preparing spawn area: 100%
[10:36:40] [Server thread/INFO]: Preparing start region for level minecraft:the_end (Seed: 2505900283673817554)
[10:36:40] [Server thread/INFO]: Preparing spawn area: 4%
[10:36:40] [Server thread/INFO]: Preparing spawn area: 8%
[10:36:40] [Server thread/INFO]: Preparing spawn area: 12%
[10:36:40] [Server thread/INFO]: Preparing spawn area: 16%
[10:36:40] [Server thread/INFO]: Preparing spawn area: 20%
[10:36:40] [Server thread/INFO]: Preparing spawn area: 24%
[10:36:40] [Server thread/INFO]: Preparing spawn area: 28%
[10:36:40] [Server thread/INFO]: Preparing spawn area: 32%
[10:36:40] [Server thread/INFO]: Preparing spawn area: 36%
[10:36:40] [Server thread/INFO]: Preparing spawn area: 40%
[10:36:40] [Server thread/INFO]: Preparing spawn area: 44%
[10:36:40] [Server thread/INFO]: Preparing spawn area: 48%
[10:36:40] [Server thread/INFO]: Preparing spawn area: 52%
[10:36:41] [Server thread/INFO]: Preparing spawn area: 56%
[10:36:41] [Server thread/INFO]: Preparing spawn area: 60%
[10:36:41] [Server thread/INFO]: Preparing spawn area: 64%
[10:36:41] [Server thread/INFO]: Preparing spawn area: 68%
[10:36:41] [Server thread/INFO]: Preparing spawn area: 72%
[10:36:41] [Server thread/INFO]: Preparing spawn area: 76%
[10:36:41] [Server thread/INFO]: Preparing spawn area: 80%
[10:36:41] [Server thread/INFO]: Preparing spawn area: 84%
[10:36:41] [Server thread/INFO]: Preparing spawn area: 88%
[10:36:41] [Server thread/INFO]: Preparing spawn area: 92%
[10:36:41] [Server thread/INFO]: Preparing spawn area: 96%
[10:36:41] [Server thread/INFO]: Preparing spawn area: 100%
[10:36:41] [Server thread/INFO]: Time elapsed: 14001 ms
[10:36:41] [Server thread/INFO]: Done (16.921s)! For help, type "help"
[10:36:44] [User Authenticator #1/INFO]: UUID of player MythicalPhelix is 68cae455-33f6-4e43-a928-8969e9a838bf
[10:36:44] [Server thread/INFO]: MythicalPhelix[/127.0.0.1:49335] logged in with entity id 600 at ([world]40.5, 69.0, -3.5)
[10:36:48] [Server thread/INFO]: Made MythicalPhelix a server operator
[10:36:51] [Server thread/INFO]: MythicalPhelix issued server command: /gamemode ce
[10:36:55] [Server thread/INFO]: MythicalPhelix issued server command: /gamemode creative
[10:36:55] [Server thread/INFO]: [MythicalPhelix: Set own game mode to Creative Mode]
[10:45:46] [Server thread/INFO]: MythicalPhelix lost connection: Disconnected
[10:45:47] [Server thread/INFO]: MythicalPhelix left the game
[11:33:40] [User Authenticator #2/INFO]: UUID of player MythicalPhelix is 68cae455-33f6-4e43-a928-8969e9a838bf
[11:33:40] [Server thread/INFO]: MythicalPhelix[/127.0.0.1:49631] logged in with entity id 1852 at ([world]-0.5372129012359577, 97.51418483318358, 27.62324483818825)
[11:33:44] [Server thread/INFO]: MythicalPhelix issued server command: /time set day
[11:33:44] [Server thread/INFO]: [MythicalPhelix: Set the time to 1000]
[13:03:28] [Server thread/INFO]: MythicalPhelix lost connection: Disconnected
[13:03:28] [Server thread/INFO]: MythicalPhelix left the game
[13:03:36] [User Authenticator #3/INFO]: UUID of player MythicalPhelix is 68cae455-33f6-4e43-a928-8969e9a838bf
[13:03:37] [Server thread/INFO]: MythicalPhelix[/127.0.0.1:50115] logged in with entity id 15469 at ([world]104.11985963334773, 72.0, -204.90399760056744)
[13:03:45] [Server thread/INFO]: MythicalPhelix lost connection: Disconnected
[13:03:45] [Server thread/INFO]: MythicalPhelix left the game
